0 info it worked if it ends with ok
1 verbose cli [ 'C:\\Program Files (x86)\\nodejs\\node.exe',
1 verbose cli   'C:\\Program Files (x86)\\nodejs\\node_modules\\npm\\bin\\npm-cli.js',
1 verbose cli   'run',
1 verbose cli   'deploy' ]
2 info using npm@3.10.10
3 info using node@v6.10.0
4 verbose run-script [ 'predeploy', 'deploy', 'postdeploy' ]
5 info lifecycle todoitem@1.0.0~predeploy: todoitem@1.0.0
6 silly lifecycle todoitem@1.0.0~predeploy: no script for predeploy, continuing
7 info lifecycle todoitem@1.0.0~deploy: todoitem@1.0.0
8 verbose lifecycle todoitem@1.0.0~deploy: unsafe-perm in lifecycle true
9 verbose lifecycle todoitem@1.0.0~deploy: PATH: C:\Program Files (x86)\nodejs\node_modules\npm\bin\node-gyp-bin;C:\AngularOrnekler\todoitem\node_modules\.bin;C:\ProgramData\Oracle\Java\javapath;C:\Program Files (x86)\Intel\iCLS Client\;C:\Program Files\Intel\iCLS Client\;C:\WINDOWS\system32;C:\WINDOWS;C:\WINDOWS\System32\Wbem;C:\WINDOWS\System32\WindowsPowerShell\v1.0\;C:\Program Files\Intel\Intel(R) Management Engine Components\DAL;C:\Program Files\Intel\Intel(R) Management Engine Components\IPT;C:\Program Files (x86)\Intel\Intel(R) Management Engine Components\DAL;C:\Program Files (x86)\Intel\Intel(R) Management Engine Components\IPT;C:\Users\omer\.dnx\bin;C:\Program Files\Microsoft DNX\Dnvm\;C:\Program Files\Microsoft SQL Server\120\Tools\Binn\;C:\Program Files\Microsoft SQL Server\130\Tools\Binn\;C:\Program Files\Microsoft SQL Server\Client SDK\ODBC\110\Tools\Binn\;C:\Program Files (x86)\Microsoft SQL Server\120\Tools\Binn\;C:\Program Files\Microsoft SQL Server\120\DTS\Binn\;C:\Program Files (x86)\Microsoft SQL Server\120\Tools\Binn\ManagementStudio\;C:\Program Files (x86)\Microsoft SQL Server\120\DTS\Binn\;C:\Program Files (x86)\NVIDIA Corporation\PhysX\Common;C:\WINDOWS\system32;C:\WINDOWS;C:\WINDOWS\System32\Wbem;C:\WINDOWS\System32\WindowsPowerShell\v1.0\;C:\Program Files (x86)\Microsoft Emulator Manager\1.0\;C:\Program Files\Git\cmd;C:\Program Files (x86)\Windows Kits\10\Windows Performance Toolkit\;C:\Program Files (x86)\nodejs\;C:\Program Files\dotnet\;C:\Program Files (x86)\Git\cmd;C:\Program Files\Microsoft\Web Platform Installer\;C:\Users\omer\AppData\Local\Programs\Python\Python36\Scripts\;C:\Users\omer\AppData\Local\Programs\Python\Python36\;C:\Program Files (x86)\Microsoft VS Code\bin;C:\Users\omer\AppData\Local\Microsoft\WindowsApps;C:\Users\omer\AppData\Roaming\npm
10 verbose lifecycle todoitem@1.0.0~deploy: CWD: C:\AngularOrnekler\todoitem
11 silly lifecycle todoitem@1.0.0~deploy: Args: [ '/d /s /c',
11 silly lifecycle   'ng build -sm -ec -bh /repo name/ & ngh --silent=false' ]
12 silly lifecycle todoitem@1.0.0~deploy: Returned: code: 1  signal: null
13 info lifecycle todoitem@1.0.0~deploy: Failed to exec deploy script
14 verbose stack Error: todoitem@1.0.0 deploy: `ng build -sm -ec -bh /repo name/ & ngh --silent=false`
14 verbose stack Exit status 1
14 verbose stack     at EventEmitter.<anonymous> (C:\Program Files (x86)\nodejs\node_modules\npm\lib\utils\lifecycle.js:255:16)
14 verbose stack     at emitTwo (events.js:106:13)
14 verbose stack     at EventEmitter.emit (events.js:191:7)
14 verbose stack     at ChildProcess.<anonymous> (C:\Program Files (x86)\nodejs\node_modules\npm\lib\utils\spawn.js:40:14)
14 verbose stack     at emitTwo (events.js:106:13)
14 verbose stack     at ChildProcess.emit (events.js:191:7)
14 verbose stack     at maybeClose (internal/child_process.js:877:16)
14 verbose stack     at Process.ChildProcess._handle.onexit (internal/child_process.js:226:5)
15 verbose pkgid todoitem@1.0.0
16 verbose cwd C:\AngularOrnekler\todoitem
17 error Windows_NT 10.0.14393
18 error argv "C:\\Program Files (x86)\\nodejs\\node.exe" "C:\\Program Files (x86)\\nodejs\\node_modules\\npm\\bin\\npm-cli.js" "run" "deploy"
19 error node v6.10.0
20 error npm  v3.10.10
21 error code ELIFECYCLE
22 error todoitem@1.0.0 deploy: `ng build -sm -ec -bh /repo name/ & ngh --silent=false`
22 error Exit status 1
23 error Failed at the todoitem@1.0.0 deploy script 'ng build -sm -ec -bh /repo name/ & ngh --silent=false'.
23 error Make sure you have the latest version of node.js and npm installed.
23 error If you do, this is most likely a problem with the todoitem package,
23 error not with npm itself.
23 error Tell the author that this fails on your system:
23 error     ng build -sm -ec -bh /repo name/ & ngh --silent=false
23 error You can get information on how to open an issue for this project with:
23 error     npm bugs todoitem
23 error Or if that isn't available, you can get their info via:
23 error     npm owner ls todoitem
23 error There is likely additional logging output above.
24 verbose exit [ 1, true ]
